Loading results from SARC in ./data 

Initiating graph from SARC_metadata.txt metadata.
Loading ./data/SARC/SARC_multiomics_PINS.clst clustering results.
- computed on datatype : multiomics
- computed with method : PINS
Loading ./data/SARC/SARC_mirna_PINS.clst clustering results.
- computed on datatype : mirna
- computed with method : PINS
Loading ./data/SARC/SARC_methylation_NEMO.clst clustering results.
- computed on datatype : methylation
- computed with method : NEMO
Loading ./data/SARC/SARC_multiomics_NEMO.clst clustering results.
- computed on datatype : multiomics
- computed with method : NEMO
Loading ./data/SARC/SARC_methylation_rMKL.clst clustering results.
- computed on datatype : methylation
- computed with method : rMKL
Loading ./data/SARC/SARC_mirna_rMKL.clst clustering results.
- computed on datatype : mirna
- computed with method : rMKL
Loading ./data/SARC/SARC_mirna_SNF.clst clustering results.
- computed on datatype : mirna
- computed with method : SNF
Loading ./data/SARC/SARC_multiomics_rMKL.clst clustering results.
- computed on datatype : multiomics
- computed with method : rMKL
Loading ./data/SARC/SARC_expression_NEMO.clst clustering results.
- computed on datatype : expression
- computed with method : NEMO
Loading ./data/SARC/SARC_multiomics_MCCA.clst clustering results.
- computed on datatype : multiomics
- computed with method : MCCA
Loading ./data/SARC/SARC_expression_rMKL.clst clustering results.
- computed on datatype : expression
- computed with method : rMKL
Loading ./data/SARC/SARC_multiomics_SNF.clst clustering results.
- computed on datatype : multiomics
- computed with method : SNF
Loading ./data/SARC/SARC_mirna_NEMO.clst clustering results.
- computed on datatype : mirna
- computed with method : NEMO
Loading ./data/SARC/SARC_expression_SNF.clst clustering results.
- computed on datatype : expression
- computed with method : SNF
Loading ./data/SARC/SARC_expression_PINS.clst clustering results.
- computed on datatype : expression
- computed with method : PINS
Loading ./data/SARC/SARC_methylation_PINS.clst clustering results.
- computed on datatype : methylation
- computed with method : PINS
Loading ./data/SARC/SARC_methylation_SNF.clst clustering results.
- computed on datatype : methylation
- computed with method : SNF
