Computing support edges for AML analysis...
Computing Support Edges for cluster AML_methylation_kmeans_1.
Computing Support Edges for cluster AML_methylation_kmeans_2.
Computing Support Edges for cluster AML_methylation_NEMO_5.
Computing Support Edges for cluster AML_methylation_NEMO_6.
Computing Support Edges for cluster AML_methylation_NEMO_11.
Computing Support Edges for cluster AML_methylation_NEMO_2.
Computing Support Edges for cluster AML_methylation_NEMO_7.
Computing Support Edges for cluster AML_methylation_NEMO_9.
Computing Support Edges for cluster AML_methylation_NEMO_8.
Computing Support Edges for cluster AML_methylation_NEMO_13.
Computing Support Edges for cluster AML_methylation_NEMO_1.
Computing Support Edges for cluster AML_methylation_NEMO_3.
Computing Support Edges for cluster AML_methylation_NEMO_10.
Computing Support Edges for cluster AML_methylation_NEMO_12.
Computing Support Edges for cluster AML_methylation_NEMO_4.
Computing Support Edges for cluster AML_mirna_kmeans_1.
Computing Support Edges for cluster AML_mirna_kmeans_2.
Computing Support Edges for cluster AML_methylation_SNF_7.
Computing Support Edges for cluster AML_methylation_SNF_4.
Computing Support Edges for cluster AML_methylation_SNF_3.
Computing Support Edges for cluster AML_methylation_SNF_13.
Computing Support Edges for cluster AML_methylation_SNF_11.
Computing Support Edges for cluster AML_methylation_SNF_5.
Computing Support Edges for cluster AML_methylation_SNF_9.
Computing Support Edges for cluster AML_methylation_SNF_2.
Computing Support Edges for cluster AML_methylation_SNF_1.
Computing Support Edges for cluster AML_methylation_SNF_10.
Computing Support Edges for cluster AML_methylation_SNF_6.
Computing Support Edges for cluster AML_methylation_SNF_12.
Computing Support Edges for cluster AML_methylation_SNF_8.
Computing Support Edges for cluster AML_expression_SNF_4.
Computing Support Edges for cluster AML_expression_SNF_2.
Computing Support Edges for cluster AML_expression_SNF_1.
Computing Support Edges for cluster AML_expression_SNF_6.
Computing Support Edges for cluster AML_expression_SNF_5.
Computing Support Edges for cluster AML_expression_SNF_7.
Computing Support Edges for cluster AML_expression_SNF_3.
Computing Support Edges for cluster AML_methylation_PINS_1.
Computing Support Edges for cluster AML_methylation_PINS_2.
Computing Support Edges for cluster AML_mirna_rMKL_4.
Computing Support Edges for cluster AML_mirna_rMKL_3.
Computing Support Edges for cluster AML_mirna_rMKL_2.
Computing Support Edges for cluster AML_mirna_rMKL_6.
Computing Support Edges for cluster AML_mirna_rMKL_1.
Computing Support Edges for cluster AML_mirna_rMKL_5.
Computing Support Edges for cluster AML_mirna_SNF_3.
Computing Support Edges for cluster AML_mirna_SNF_1.
Computing Support Edges for cluster AML_mirna_SNF_2.
Computing Support Edges for cluster AML_multiomics_MCCA_1.
Computing Support Edges for cluster AML_multiomics_MCCA_2.
Computing Support Edges for cluster AML_multiomics_MCCA_3.
Computing Support Edges for cluster AML_expression_PINS_3.
Computing Support Edges for cluster AML_expression_PINS_1.
Computing Support Edges for cluster AML_expression_PINS_2.
Computing Support Edges for cluster AML_expression_NEMO_6.
Computing Support Edges for cluster AML_expression_NEMO_2.
Computing Support Edges for cluster AML_expression_NEMO_5.
Computing Support Edges for cluster AML_expression_NEMO_1.
Computing Support Edges for cluster AML_expression_NEMO_4.
Computing Support Edges for cluster AML_expression_NEMO_7.
Computing Support Edges for cluster AML_expression_NEMO_3.
Computing Support Edges for cluster AML_methylation_rMKL_4.
Computing Support Edges for cluster AML_methylation_rMKL_1.
Computing Support Edges for cluster AML_methylation_rMKL_6.
Computing Support Edges for cluster AML_methylation_rMKL_2.
Computing Support Edges for cluster AML_methylation_rMKL_5.
Computing Support Edges for cluster AML_methylation_rMKL_3.
Computing Support Edges for cluster AML_methylation_rMKL_7.
Computing Support Edges for cluster AML_mirna_PINS_1.
Computing Support Edges for cluster AML_mirna_PINS_3.
Computing Support Edges for cluster AML_mirna_PINS_2.
Computing Support Edges for cluster AML_multiomics_SNF_2.
Computing Support Edges for cluster AML_multiomics_SNF_4.
Computing Support Edges for cluster AML_multiomics_SNF_1.
Computing Support Edges for cluster AML_multiomics_SNF_3.
Computing Support Edges for cluster AML_expression_rMKL_8.
Computing Support Edges for cluster AML_expression_rMKL_4.
Computing Support Edges for cluster AML_expression_rMKL_3.
Computing Support Edges for cluster AML_expression_rMKL_2.
Computing Support Edges for cluster AML_expression_rMKL_5.
Computing Support Edges for cluster AML_expression_rMKL_1.
Computing Support Edges for cluster AML_expression_rMKL_6.
Computing Support Edges for cluster AML_expression_rMKL_7.
Computing Support Edges for cluster AML_multiomics_rMKL_4.
Computing Support Edges for cluster AML_multiomics_rMKL_1.
Computing Support Edges for cluster AML_multiomics_rMKL_6.
Computing Support Edges for cluster AML_multiomics_rMKL_2.
Computing Support Edges for cluster AML_multiomics_rMKL_3.
Computing Support Edges for cluster AML_multiomics_rMKL_5.
Computing Support Edges for cluster AML_multiomics_PINS_1.
Computing Support Edges for cluster AML_multiomics_PINS_2.
Computing Support Edges for cluster AML_multiomics_PINS_3.
Computing Support Edges for cluster AML_multiomics_PINS_4.
Computing Support Edges for cluster AML_multiomics_PINS_5.
Computing Support Edges for cluster AML_multiomics_NEMO_4.
Computing Support Edges for cluster AML_multiomics_NEMO_5.
Computing Support Edges for cluster AML_multiomics_NEMO_1.
Computing Support Edges for cluster AML_multiomics_NEMO_3.
Computing Support Edges for cluster AML_multiomics_NEMO_2.
Computing Support Edges for cluster AML_expression_kmeans_6.
Computing Support Edges for cluster AML_expression_kmeans_3.
Computing Support Edges for cluster AML_expression_kmeans_2.
Computing Support Edges for cluster AML_expression_kmeans_5.
Computing Support Edges for cluster AML_expression_kmeans_1.
Computing Support Edges for cluster AML_expression_kmeans_7.
Computing Support Edges for cluster AML_expression_kmeans_4.
Computing Support Edges for cluster AML_mirna_NEMO_3.
Computing Support Edges for cluster AML_mirna_NEMO_5.
Computing Support Edges for cluster AML_mirna_NEMO_1.
Computing Support Edges for cluster AML_mirna_NEMO_2.
Computing Support Edges for cluster AML_mirna_NEMO_4.
