Integrating clusterings from : GBM
On datatypes : ['multiomics']
For methods : ['MCCA', 'PINS', 'NEMO', 'SNF', 'rMKL']
Relationship type : GBM_MULTI_MCCA_NEMO_PINS_SNF_rMKL
Optimal number of supports is 4
The graph will be clustered with Markov clustering using only IntegrationEdges with nb_supports >= 4
267 nodes classified in 3 clusters after remooving too small clusters (min_accepted_nb_nodes_in_clusters set to 8 in the configuration file)
Weighted Modularization Quality for the clustering is 0.5215491892108021
7 unclassified nodes reassigned to consensus clusters
[['TCGA.12.0821.01' '2']
 ['TCGA.12.3651.01' '2']
 ['TCGA.14.0871.01' '2']
 ['TCGA.06.2569.01' '2']
 ['TCGA.41.2575.01' '2']
 ['TCGA.19.1388.01' '2']
 ['TCGA.28.2514.01' '3']]
Storing results into the graph
Check the graph with the following Cypher query : 
 MATCH (o:Patient:GBM)-[r:FROM_MARKOVCLUST]-(c:OptimalNbSupports:GBM:MarkovCluster:GBM_MULTI_MCCA_NEMO_PINS_SNF_rMKL) RETURN o, r, c
Clustering results stored in file : out/results/GBM/GBM.GBM_MULTI_MCCA_NEMO_PINS_SNF_rMKL.ClustOmicsClustering
