Loading results from LUSC in ./data 

Initiating graph from LUSC_metadata.txt metadata.
Loading ./data/LUSC/LUSC_mirna_NEMO.clst clustering results.
- computed on datatype : mirna
- computed with method : NEMO
Loading ./data/LUSC/LUSC_expression_NEMO.clst clustering results.
- computed on datatype : expression
- computed with method : NEMO
Loading ./data/LUSC/LUSC_multiomics_MCCA.clst clustering results.
- computed on datatype : multiomics
- computed with method : MCCA
Loading ./data/LUSC/LUSC_methylation_rMKL.clst clustering results.
- computed on datatype : methylation
- computed with method : rMKL
Loading ./data/LUSC/LUSC_mirna_kmeans.clst clustering results.
- computed on datatype : mirna
- computed with method : kmeans
Loading ./data/LUSC/LUSC_mirna_SNF.clst clustering results.
- computed on datatype : mirna
- computed with method : SNF
Loading ./data/LUSC/LUSC_methylation_SNF.clst clustering results.
- computed on datatype : methylation
- computed with method : SNF
Loading ./data/LUSC/LUSC_multiomics_PINS.clst clustering results.
- computed on datatype : multiomics
- computed with method : PINS
Loading ./data/LUSC/LUSC_multiomics_rMKL.clst clustering results.
- computed on datatype : multiomics
- computed with method : rMKL
Loading ./data/LUSC/LUSC_mirna_PINS.clst clustering results.
- computed on datatype : mirna
- computed with method : PINS
Loading ./data/LUSC/LUSC_multiomics_SNF.clst clustering results.
- computed on datatype : multiomics
- computed with method : SNF
Loading ./data/LUSC/LUSC_expression_PINS.clst clustering results.
- computed on datatype : expression
- computed with method : PINS
Loading ./data/LUSC/LUSC_multiomics_NEMO.clst clustering results.
- computed on datatype : multiomics
- computed with method : NEMO
Loading ./data/LUSC/LUSC_methylation_NEMO.clst clustering results.
- computed on datatype : methylation
- computed with method : NEMO
Loading ./data/LUSC/LUSC_mirna_rMKL.clst clustering results.
- computed on datatype : mirna
- computed with method : rMKL
Loading ./data/LUSC/LUSC_expression_kmeans.clst clustering results.
- computed on datatype : expression
- computed with method : kmeans
Loading ./data/LUSC/LUSC_methylation_kmeans.clst clustering results.
- computed on datatype : methylation
- computed with method : kmeans
Loading ./data/LUSC/LUSC_expression_SNF.clst clustering results.
- computed on datatype : expression
- computed with method : SNF
Loading ./data/LUSC/LUSC_methylation_PINS.clst clustering results.
- computed on datatype : methylation
- computed with method : PINS
Loading ./data/LUSC/LUSC_expression_rMKL.clst clustering results.
- computed on datatype : expression
- computed with method : rMKL
