Loading results from AML in ./data 

Initiating graph from AML_metadata.txt metadata.
Loading ./data/AML/AML_methylation_kmeans.clst clustering results.
- computed on datatype : methylation
- computed with method : kmeans
Loading ./data/AML/AML_methylation_NEMO.clst clustering results.
- computed on datatype : methylation
- computed with method : NEMO
Loading ./data/AML/AML_mirna_kmeans.clst clustering results.
- computed on datatype : mirna
- computed with method : kmeans
Loading ./data/AML/AML_methylation_SNF.clst clustering results.
- computed on datatype : methylation
- computed with method : SNF
Loading ./data/AML/AML_expression_SNF.clst clustering results.
- computed on datatype : expression
- computed with method : SNF
Loading ./data/AML/AML_methylation_PINS.clst clustering results.
- computed on datatype : methylation
- computed with method : PINS
Loading ./data/AML/AML_mirna_rMKL.clst clustering results.
- computed on datatype : mirna
- computed with method : rMKL
Loading ./data/AML/AML_mirna_SNF.clst clustering results.
- computed on datatype : mirna
- computed with method : SNF
Loading ./data/AML/AML_expression_PINS.clst clustering results.
- computed on datatype : expression
- computed with method : PINS
Loading ./data/AML/AML_expression_NEMO.clst clustering results.
- computed on datatype : expression
- computed with method : NEMO
Loading ./data/AML/AML_methylation_rMKL.clst clustering results.
- computed on datatype : methylation
- computed with method : rMKL
Loading ./data/AML/AML_mirna_PINS.clst clustering results.
- computed on datatype : mirna
- computed with method : PINS
Loading ./data/AML/AML_expression_rMKL.clst clustering results.
- computed on datatype : expression
- computed with method : rMKL
Loading ./data/AML/AML_expression_kmeans.clst clustering results.
- computed on datatype : expression
- computed with method : kmeans
Loading ./data/AML/AML_mirna_NEMO.clst clustering results.
- computed on datatype : mirna
- computed with method : NEMO
