Computing support edges for COAD analysis...
Computing Support Edges for cluster COAD_expression_NEMO_1.
Computing Support Edges for cluster COAD_expression_NEMO_3.
Computing Support Edges for cluster COAD_expression_NEMO_2.
Computing Support Edges for cluster COAD_mirna_rMKL_5.
Computing Support Edges for cluster COAD_mirna_rMKL_1.
Computing Support Edges for cluster COAD_mirna_rMKL_3.
Computing Support Edges for cluster COAD_mirna_rMKL_2.
Computing Support Edges for cluster COAD_mirna_rMKL_4.
Computing Support Edges for cluster COAD_mirna_rMKL_6.
Computing Support Edges for cluster COAD_mirna_NEMO_2.
Computing Support Edges for cluster COAD_mirna_NEMO_4.
Computing Support Edges for cluster COAD_mirna_NEMO_1.
Computing Support Edges for cluster COAD_mirna_NEMO_3.
Computing Support Edges for cluster COAD_methylation_kmeans_1.
Computing Support Edges for cluster COAD_methylation_kmeans_2.
Computing Support Edges for cluster COAD_expression_rMKL_1.
Computing Support Edges for cluster COAD_expression_rMKL_6.
Computing Support Edges for cluster COAD_expression_rMKL_4.
Computing Support Edges for cluster COAD_expression_rMKL_2.
Computing Support Edges for cluster COAD_expression_rMKL_5.
Computing Support Edges for cluster COAD_expression_rMKL_3.
Computing Support Edges for cluster COAD_expression_PINS_2.
Computing Support Edges for cluster COAD_expression_PINS_1.
Computing Support Edges for cluster COAD_methylation_SNF_3.
Computing Support Edges for cluster COAD_methylation_SNF_1.
Computing Support Edges for cluster COAD_methylation_SNF_2.
Computing Support Edges for cluster COAD_methylation_PINS_2.
Computing Support Edges for cluster COAD_methylation_PINS_3.
Computing Support Edges for cluster COAD_methylation_PINS_4.
Computing Support Edges for cluster COAD_methylation_PINS_1.
Computing Support Edges for cluster COAD_expression_SNF_1.
Computing Support Edges for cluster COAD_expression_SNF_3.
Computing Support Edges for cluster COAD_expression_SNF_2.
Computing Support Edges for cluster COAD_mirna_PINS_3.
Computing Support Edges for cluster COAD_mirna_PINS_1.
Computing Support Edges for cluster COAD_mirna_PINS_2.
Computing Support Edges for cluster COAD_methylation_rMKL_4.
Computing Support Edges for cluster COAD_methylation_rMKL_7.
Computing Support Edges for cluster COAD_methylation_rMKL_1.
Computing Support Edges for cluster COAD_methylation_rMKL_5.
Computing Support Edges for cluster COAD_methylation_rMKL_2.
Computing Support Edges for cluster COAD_methylation_rMKL_3.
Computing Support Edges for cluster COAD_methylation_rMKL_6.
Computing Support Edges for cluster COAD_mirna_kmeans_2.
Computing Support Edges for cluster COAD_mirna_kmeans_1.
Computing Support Edges for cluster COAD_expression_kmeans_2.
Computing Support Edges for cluster COAD_expression_kmeans_1.
Computing Support Edges for cluster COAD_methylation_NEMO_2.
Computing Support Edges for cluster COAD_methylation_NEMO_1.
Computing Support Edges for cluster COAD_methylation_NEMO_3.
Computing Support Edges for cluster COAD_mirna_SNF_2.
Computing Support Edges for cluster COAD_mirna_SNF_1.
