Integrating clusterings from : GBM
On datatypes : ['expression', 'methylation', 'mirna']
For methods : ['PINS', 'NEMO', 'SNF', 'rMKL', 'kmeans']
Relationship type : GBM_EXP_MIRNA_MET_NEMO_PINS_SNF_rMKL_kmeans_all
Optimal number of supports is 9
The graph will be clustered with Markov clustering using only IntegrationEdges with nb_supports >= 9
434 nodes classified in 11 clusters after remooving too small clusters (min_accepted_nb_nodes_in_clusters set to 13 in the configuration file)
Weighted Modularization Quality for the clustering is 0.4325989088102633
144 unclassified nodes reassigned to consensus clusters
[['TCGA.02.0006.01' '14']
 ['TCGA.02.0079.01' '6']
 ['TCGA.02.0324.01' '16']
 ['TCGA.06.0216.01' '16']
 ['TCGA.06.0649.01' '6']
 ['TCGA.08.0355.01' '6']
 ['TCGA.08.0380.01' '6']
 ['TCGA.12.0657.01' '6']
 ['TCGA.12.1098.01' '6']
 ['TCGA.16.1063.01' '6']
 ['TCGA.02.0055.01' '4']
 ['TCGA.02.0025.01' '4']
 ['TCGA.02.0332.01' '4']
 ['TCGA.06.0169.01' '4']
 ['TCGA.06.1086.01' '4']
 ['TCGA.08.0358.01' '4']
 ['TCGA.14.1402.01' '4']
 ['TCGA.02.0456.01' '9']
 ['TCGA.02.0051.01' '4']
 ['TCGA.08.0392.01' '4']
 ['TCGA.02.0446.01' '21']
 ['TCGA.06.1804.01' '21']
 ['TCGA.06.2558.01' '21']
 ['TCGA.06.5411.01' '21']
 ['TCGA.06.5415.01' '21']
 ['TCGA.26.1442.01' '21']
 ['TCGA.28.2510.01' '21']
 ['TCGA.32.1980.01' '21']
 ['TCGA.02.0285.01' '9']
 ['TCGA.02.0317.01' '4']
 ['TCGA.06.0140.01' '4']
 ['TCGA.06.0149.01' '4']
 ['TCGA.02.0048.01' '21']
 ['TCGA.06.0157.01' '20']
 ['TCGA.08.0517.01' '20']
 ['TCGA.12.0821.01' '6']
 ['TCGA.76.4925.01' '20']
 ['TCGA.02.0325.01' '14']
 ['TCGA.12.0772.01' '14']
 ['TCGA.12.0775.01' '14']
 ['TCGA.76.4935.01' '14']
 ['TCGA.06.0241.01' '16']
 ['TCGA.26.5133.01' '1']
 ['TCGA.06.0650.01' '21']
 ['TCGA.06.6390.01' '21']
 ['TCGA.14.0781.01' '21']
 ['TCGA.19.5947.01' '21']
 ['TCGA.19.5952.01' '21']
 ['TCGA.32.1979.01' '21']
 ['TCGA.81.5910.01' '21']
 ['TCGA.02.0432.01' '9']
 ['TCGA.08.0353.01' '4']
 ['TCGA.08.0524.01' '4']
 ['TCGA.06.0168.01' '4']
 ['TCGA.08.0354.01' '4']
 ['TCGA.12.0616.01' '4']
 ['TCGA.12.0688.01' '4']
 ['TCGA.12.1602.01' '4']
 ['TCGA.12.3644.01' '4']
 ['TCGA.14.0783.01' '4']
 ['TCGA.14.2555.01' '4']
 ['TCGA.76.4928.01' '4']
 ['TCGA.06.0197.01' '20']
 ['TCGA.06.0394.01' '2']
 ['TCGA.12.0776.01' '2']
 ['TCGA.08.0522.01' '2']
 ['TCGA.06.0148.01' '9']
 ['TCGA.06.0166.01' '20']
 ['TCGA.06.0413.01' '21']
 ['TCGA.02.0260.01' '14']
 ['TCGA.08.0386.01' '21']
 ['TCGA.28.5216.01' '1']
 ['TCGA.28.5214.01' '1']
 ['TCGA.06.5859.01' '21']
 ['TCGA.06.5416.01' '16']
 ['TCGA.76.4929.01' '16']
 ['TCGA.02.0037.01' '4']
 ['TCGA.02.0070.01' '9']
 ['TCGA.02.0104.01' '9']
 ['TCGA.02.0269.01' '21']
 ['TCGA.02.0271.01' '20']
 ['TCGA.02.0290.01' '18']
 ['TCGA.02.0430.01' '2']
 ['TCGA.06.0119.01' '4']
 ['TCGA.06.0121.01' '4']
 ['TCGA.06.0132.01' '16']
 ['TCGA.06.0150.01' '4']
 ['TCGA.06.0151.01' '2']
 ['TCGA.06.0159.01' '2']
 ['TCGA.06.0167.01' '6']
 ['TCGA.06.0176.01' '9']
 ['TCGA.06.0178.01' '16']
 ['TCGA.06.0201.01' '16']
 ['TCGA.06.0206.01' '16']
 ['TCGA.06.0238.01' '9']
 ['TCGA.06.1806.01' '4']
 ['TCGA.06.5410.01' '21']
 ['TCGA.06.5418.01' '4']
 ['TCGA.06.6388.01' '18']
 ['TCGA.06.6693.01' '4']
 ['TCGA.06.6694.01' '21']
 ['TCGA.06.6695.01' '21']
 ['TCGA.06.6697.01' '21']
 ['TCGA.06.6698.01' '21']
 ['TCGA.06.6699.01' '21']
 ['TCGA.06.6700.01' '9']
 ['TCGA.06.6701.01' '18']
 ['TCGA.08.0347.01' '2']
 ['TCGA.12.0662.01' '2']
 ['TCGA.12.0691.01' '20']
 ['TCGA.12.0769.01' '20']
 ['TCGA.14.0740.01' '4']
 ['TCGA.14.0862.01' '21']
 ['TCGA.14.1043.01' '21']
 ['TCGA.14.1395.01' '21']
 ['TCGA.14.1450.01' '21']
 ['TCGA.19.5953.01' '21']
 ['TCGA.26.6173.01' '4']
 ['TCGA.26.6174.01' '18']
 ['TCGA.28.2499.01' '5']
 ['TCGA.28.2501.01' '21']
 ['TCGA.28.2512.01' '1']
 ['TCGA.28.5211.01' '4']
 ['TCGA.28.5218.01' '4']
 ['TCGA.41.6646.01' '21']
 ['TCGA.74.6573.01' '21']
 ['TCGA.74.6575.01' '21']
 ['TCGA.74.6577.01' '21']
 ['TCGA.74.6578.01' '21']
 ['TCGA.74.6581.01' '4']
 ['TCGA.74.6584.01' '18']
 ['TCGA.76.4926.01' '9']
 ['TCGA.76.4931.01' '14']
 ['TCGA.76.6280.01' '4']
 ['TCGA.76.6283.01' '21']
 ['TCGA.76.6286.01' '21']
 ['TCGA.76.6656.01' '21']
 ['TCGA.76.6657.01' '21']
 ['TCGA.76.6660.01' '21']
 ['TCGA.76.6661.01' '4']
 ['TCGA.76.6662.01' '21']
 ['TCGA.76.6663.01' '18']
 ['TCGA.76.6664.01' '4']
 ['TCGA.81.5911.01' '21']]
Storing results into the graph
Check the graph with the following Cypher query : 
 MATCH (o:Patient:GBM)-[r:FROM_MARKOVCLUST]-(c:OptimalNbSupports:GBM:MarkovCluster:GBM_EXP_MIRNA_MET_NEMO_PINS_SNF_rMKL_kmeans_all) RETURN o, r, c
Clustering results stored in file : out/results/GBM/GBM.GBM_EXP_MIRNA_MET_NEMO_PINS_SNF_rMKL_kmeans_all.ClustOmicsClustering
