Computing support edges for GBM analysis...
Computing Support Edges for cluster GBM_mirna_PINS_1.
Computing Support Edges for cluster GBM_mirna_PINS_2.
Computing Support Edges for cluster GBM_expression_rMKL_3.
Computing Support Edges for cluster GBM_expression_rMKL_1.
Computing Support Edges for cluster GBM_expression_rMKL_6.
Computing Support Edges for cluster GBM_expression_rMKL_2.
Computing Support Edges for cluster GBM_expression_rMKL_5.
Computing Support Edges for cluster GBM_expression_rMKL_4.
Computing Support Edges for cluster GBM_expression_SNF_2.
Computing Support Edges for cluster GBM_expression_SNF_1.
Computing Support Edges for cluster GBM_methylation_rMKL_2.
Computing Support Edges for cluster GBM_methylation_rMKL_1.
Computing Support Edges for cluster GBM_methylation_rMKL_3.
Computing Support Edges for cluster GBM_methylation_rMKL_6.
Computing Support Edges for cluster GBM_methylation_rMKL_5.
Computing Support Edges for cluster GBM_methylation_rMKL_4.
Computing Support Edges for cluster GBM_methylation_SNF_1.
Computing Support Edges for cluster GBM_methylation_SNF_2.
Computing Support Edges for cluster GBM_methylation_SNF_4.
Computing Support Edges for cluster GBM_methylation_SNF_3.
Computing Support Edges for cluster GBM_expression_PINS_1.
Computing Support Edges for cluster GBM_expression_PINS_2.
Computing Support Edges for cluster GBM_mirna_rMKL_6.
Computing Support Edges for cluster GBM_mirna_rMKL_4.
Computing Support Edges for cluster GBM_mirna_rMKL_3.
Computing Support Edges for cluster GBM_mirna_rMKL_7.
Computing Support Edges for cluster GBM_mirna_rMKL_1.
Computing Support Edges for cluster GBM_mirna_rMKL_5.
Computing Support Edges for cluster GBM_mirna_rMKL_2.
Computing Support Edges for cluster GBM_methylation_kmeans_1.
Computing Support Edges for cluster GBM_methylation_kmeans_2.
Computing Support Edges for cluster GBM_mirna_kmeans_1.
Computing Support Edges for cluster GBM_mirna_kmeans_2.
Computing Support Edges for cluster GBM_expression_kmeans_2.
Computing Support Edges for cluster GBM_expression_kmeans_3.
Computing Support Edges for cluster GBM_expression_kmeans_1.
Computing Support Edges for cluster GBM_mirna_SNF_2.
Computing Support Edges for cluster GBM_mirna_SNF_1.
Computing Support Edges for cluster GBM_methylation_PINS_2.
Computing Support Edges for cluster GBM_methylation_PINS_1.
Computing Support Edges for cluster GBM_methylation_NEMO_3.
Computing Support Edges for cluster GBM_methylation_NEMO_1.
Computing Support Edges for cluster GBM_methylation_NEMO_4.
Computing Support Edges for cluster GBM_methylation_NEMO_2.
Computing Support Edges for cluster GBM_methylation_NEMO_5.
Computing Support Edges for cluster GBM_mirna_NEMO_9.
Computing Support Edges for cluster GBM_mirna_NEMO_11.
Computing Support Edges for cluster GBM_mirna_NEMO_2.
Computing Support Edges for cluster GBM_mirna_NEMO_8.
Computing Support Edges for cluster GBM_mirna_NEMO_5.
Computing Support Edges for cluster GBM_mirna_NEMO_1.
Computing Support Edges for cluster GBM_mirna_NEMO_10.
Computing Support Edges for cluster GBM_mirna_NEMO_4.
Computing Support Edges for cluster GBM_mirna_NEMO_6.
Computing Support Edges for cluster GBM_mirna_NEMO_3.
Computing Support Edges for cluster GBM_mirna_NEMO_7.
Computing Support Edges for cluster GBM_expression_NEMO_4.
Computing Support Edges for cluster GBM_expression_NEMO_1.
Computing Support Edges for cluster GBM_expression_NEMO_6.
Computing Support Edges for cluster GBM_expression_NEMO_3.
Computing Support Edges for cluster GBM_expression_NEMO_5.
Computing Support Edges for cluster GBM_expression_NEMO_2.
