Integrating clusterings from : KIRC
On datatypes : ['expression', 'methylation', 'mirna']
For methods : ['PINS', 'NEMO', 'SNF', 'rMKL', 'kmeans']
Relationship type : KIRC_EXP_MIRNA_MET_NEMO_PINS_SNF_rMKL_kmeans_all
Optimal number of supports is 9
The graph will be clustered with Markov clustering using only IntegrationEdges with nb_supports >= 9
316 nodes classified in 9 clusters after remooving too small clusters (min_accepted_nb_nodes_in_clusters set to 9 in the configuration file)
Weighted Modularization Quality for the clustering is 0.44270563990818074
218 unclassified nodes reassigned to consensus clusters
[['TCGA.B0.4849.01' '5']
 ['TCGA.AK.3461.01' '5']
 ['TCGA.AK.3460.01' '5']
 ['TCGA.AK.3454.01' '5']
 ['TCGA.B0.4837.01' '10']
 ['TCGA.BP.4971.01' '10']
 ['TCGA.B0.5084.01' '10']
 ['TCGA.B0.5702.01' '16']
 ['TCGA.BP.4988.01' '10']
 ['TCGA.B0.5100.01' '16']
 ['TCGA.B0.4841.01' '16']
 ['TCGA.CJ.4891.01' '10']
 ['TCGA.B0.4844.01' '16']
 ['TCGA.DV.A4VX.01' '16']
 ['TCGA.B0.4813.01' '16']
 ['TCGA.B0.4718.01' '16']
 ['TCGA.BP.4760.01' '16']
 ['TCGA.B8.A54K.01' '16']
 ['TCGA.DV.A4VZ.01' '16']
 ['TCGA.DV.5567.01' '4']
 ['TCGA.B2.5636.01' '16']
 ['TCGA.DV.5576.01' '4']
 ['TCGA.BP.4177.01' '16']
 ['TCGA.B4.5378.01' '16']
 ['TCGA.CJ.4907.01' '3']
 ['TCGA.B0.4833.01' '5']
 ['TCGA.BP.4968.01' '10']
 ['TCGA.B0.5088.01' '10']
 ['TCGA.BP.4969.01' '10']
 ['TCGA.CJ.4876.01' '5']
 ['TCGA.CZ.4857.01' '5']
 ['TCGA.CZ.4854.01' '5']
 ['TCGA.A3.3317.01' '5']
 ['TCGA.BP.4986.01' '5']
 ['TCGA.BP.4173.01' '5']
 ['TCGA.B0.5085.01' '5']
 ['TCGA.CJ.4887.01' '5']
 ['TCGA.B8.5163.01' '14']
 ['TCGA.B0.5096.01' '14']
 ['TCGA.B0.5097.01' '14']
 ['TCGA.B0.4827.01' '14']
 ['TCGA.BP.4994.01' '4']
 ['TCGA.AK.3465.01' '4']
 ['TCGA.B2.3923.01' '4']
 ['TCGA.B0.4834.01' '4']
 ['TCGA.B0.4701.01' '2']
 ['TCGA.CJ.4916.01' '2']
 ['TCGA.CJ.4920.01' '2']
 ['TCGA.B0.4693.01' '2']
 ['TCGA.BP.5000.01' '5']
 ['TCGA.CJ.4900.01' '5']
 ['TCGA.CJ.4881.01' '5']
 ['TCGA.BP.4960.01' '5']
 ['TCGA.BP.4804.01' '5']
 ['TCGA.CJ.4870.01' '5']
 ['TCGA.BP.4975.01' '5']
 ['TCGA.B0.4696.01' '6']
 ['TCGA.B0.5117.01' '16']
 ['TCGA.AK.3433.01' '16']
 ['TCGA.B0.5083.01' '16']
 ['TCGA.B0.4699.01' '16']
 ['TCGA.AK.3440.01' '16']
 ['TCGA.AK.3431.01' '4']
 ['TCGA.BP.4795.01' '4']
 ['TCGA.CJ.4635.01' '10']
 ['TCGA.BP.4998.01' '10']
 ['TCGA.BP.4973.01' '1']
 ['TCGA.CJ.4878.01' '2']
 ['TCGA.BP.4977.01' '2']
 ['TCGA.BP.4967.01' '2']
 ['TCGA.A3.3306.01' '1']
 ['TCGA.A3.3307.01' '2']
 ['TCGA.A3.3308.01' '3']
 ['TCGA.A3.3311.01' '5']
 ['TCGA.A3.3313.01' '4']
 ['TCGA.A3.3316.01' '6']
 ['TCGA.A3.3319.01' '6']
 ['TCGA.A3.3320.01' '2']
 ['TCGA.A3.3322.01' '2']
 ['TCGA.A3.3323.01' '2']
 ['TCGA.A3.3324.01' '2']
 ['TCGA.A3.3325.01' '2']
 ['TCGA.A3.3326.01' '2']
 ['TCGA.A3.3328.01' '4']
 ['TCGA.A3.3329.01' '2']
 ['TCGA.A3.3331.01' '2']
 ['TCGA.A3.3335.01' '1']
 ['TCGA.A3.3343.01' '2']
 ['TCGA.A3.3346.01' '6']
 ['TCGA.A3.3347.01' '6']
 ['TCGA.A3.3349.01' '3']
 ['TCGA.A3.3351.01' '2']
 ['TCGA.A3.3352.01' '2']
 ['TCGA.A3.3359.01' '2']
 ['TCGA.A3.3362.01' '2']
 ['TCGA.A3.3363.01' '4']
 ['TCGA.A3.3365.01' '3']
 ['TCGA.A3.3372.01' '2']
 ['TCGA.A3.3374.01' '4']
 ['TCGA.A3.3378.01' '6']
 ['TCGA.A3.3380.01' '2']
 ['TCGA.A3.3382.01' '6']
 ['TCGA.A3.3383.01' '5']
 ['TCGA.AK.3426.01' '14']
 ['TCGA.AK.3427.01' '4']
 ['TCGA.AK.3429.01' '1']
 ['TCGA.AK.3436.01' '10']
 ['TCGA.AK.3443.01' '4']
 ['TCGA.AK.3444.01' '1']
 ['TCGA.AK.3447.01' '4']
 ['TCGA.AK.3451.01' '1']
 ['TCGA.AK.3453.01' '4']
 ['TCGA.AK.3455.01' '1']
 ['TCGA.AK.3456.01' '4']
 ['TCGA.AS.3777.01' '4']
 ['TCGA.AS.3778.01' '2']
 ['TCGA.B0.4838.01' '2']
 ['TCGA.B0.4839.01' '5']
 ['TCGA.B0.5077.01' '2']
 ['TCGA.B0.5081.01' '6']
 ['TCGA.B2.4098.01' '6']
 ['TCGA.B2.4099.01' '1']
 ['TCGA.B2.4102.01' '2']
 ['TCGA.B8.4143.01' '6']
 ['TCGA.B8.4148.01' '2']
 ['TCGA.B8.4151.01' '1']
 ['TCGA.B8.4154.01' '1']
 ['TCGA.B8.4619.01' '4']
 ['TCGA.B8.4620.01' '6']
 ['TCGA.BP.4158.01' '2']
 ['TCGA.BP.4159.01' '1']
 ['TCGA.BP.4160.01' '1']
 ['TCGA.BP.4161.01' '2']
 ['TCGA.BP.4162.01' '2']
 ['TCGA.BP.4163.01' '5']
 ['TCGA.BP.4164.01' '2']
 ['TCGA.BP.4165.01' '5']
 ['TCGA.BP.4166.01' '3']
 ['TCGA.BP.4167.01' '14']
 ['TCGA.BP.4169.01' '3']
 ['TCGA.BP.4170.01' '1']
 ['TCGA.BP.4174.01' '1']
 ['TCGA.BP.4176.01' '6']
 ['TCGA.BP.4325.01' '2']
 ['TCGA.BP.4326.01' '3']
 ['TCGA.BP.4327.01' '5']
 ['TCGA.BP.4329.01' '1']
 ['TCGA.BP.4330.01' '2']
 ['TCGA.BP.4332.01' '2']
 ['TCGA.BP.4334.01' '4']
 ['TCGA.BP.4335.01' '5']
 ['TCGA.BP.4337.01' '14']
 ['TCGA.BP.4338.01' '6']
 ['TCGA.BP.4341.01' '5']
 ['TCGA.BP.4342.01' '10']
 ['TCGA.BP.4343.01' '6']
 ['TCGA.BP.4344.01' '3']
 ['TCGA.BP.4345.01' '3']
 ['TCGA.BP.4346.01' '2']
 ['TCGA.BP.4347.01' '2']
 ['TCGA.BP.4349.01' '5']
 ['TCGA.BP.4351.01' '14']
 ['TCGA.BP.4352.01' '14']
 ['TCGA.BP.4353.01' '3']
 ['TCGA.BP.4354.01' '6']
 ['TCGA.BP.4355.01' '5']
 ['TCGA.BP.4756.01' '5']
 ['TCGA.BP.4758.01' '5']
 ['TCGA.BP.4762.01' '3']
 ['TCGA.BP.4763.01' '3']
 ['TCGA.BP.4765.01' '2']
 ['TCGA.BP.4766.01' '2']
 ['TCGA.BP.4768.01' '2']
 ['TCGA.BP.4769.01' '3']
 ['TCGA.BP.4774.01' '5']
 ['TCGA.BP.4775.01' '2']
 ['TCGA.BP.4776.01' '5']
 ['TCGA.BP.4777.01' '5']
 ['TCGA.BP.4781.01' '6']
 ['TCGA.BP.4784.01' '3']
 ['TCGA.BP.4798.01' '6']
 ['TCGA.BP.4799.01' '6']
 ['TCGA.BP.4803.01' '3']
 ['TCGA.BP.4962.01' '10']
 ['TCGA.BP.4963.01' '2']
 ['TCGA.BP.4964.01' '2']
 ['TCGA.BP.4972.01' '3']
 ['TCGA.BP.4983.01' '6']
 ['TCGA.BP.4991.01' '2']
 ['TCGA.BP.4995.01' '10']
 ['TCGA.BP.4999.01' '2']
 ['TCGA.BP.5004.01' '2']
 ['TCGA.BP.5006.01' '1']
 ['TCGA.BP.5170.01' '16']
 ['TCGA.CJ.4634.01' '2']
 ['TCGA.CJ.4636.01' '6']
 ['TCGA.CJ.4637.01' '6']
 ['TCGA.CJ.4638.01' '14']
 ['TCGA.CJ.4639.01' '2']
 ['TCGA.CJ.4640.01' '1']
 ['TCGA.CJ.4641.01' '6']
 ['TCGA.CJ.4642.01' '14']
 ['TCGA.CJ.4643.01' '2']
 ['TCGA.CJ.4644.01' '1']
 ['TCGA.CJ.4868.01' '6']
 ['TCGA.CJ.4871.01' '1']
 ['TCGA.CJ.4872.01' '3']
 ['TCGA.CJ.4873.01' '14']
 ['TCGA.CJ.4874.01' '1']
 ['TCGA.CJ.4884.01' '5']
 ['TCGA.CJ.4885.01' '1']
 ['TCGA.CJ.4886.01' '3']
 ['TCGA.CJ.4892.01' '5']
 ['TCGA.CJ.4893.01' '1']
 ['TCGA.CJ.4894.01' '2']
 ['TCGA.CJ.4913.01' '14']
 ['TCGA.CZ.4861.01' '6']
 ['TCGA.CZ.4862.01' '2']]
Storing results into the graph
Check the graph with the following Cypher query : 
 MATCH (o:Patient:KIRC)-[r:FROM_MARKOVCLUST]-(c:OptimalNbSupports:KIRC:MarkovCluster:KIRC_EXP_MIRNA_MET_NEMO_PINS_SNF_rMKL_kmeans_all) RETURN o, r, c
Clustering results stored in file : out/results/KIRC/KIRC.KIRC_EXP_MIRNA_MET_NEMO_PINS_SNF_rMKL_kmeans_all.ClustOmicsClustering
