Integrating clusterings from : LUSC
On datatypes : ['expression', 'methylation', 'mirna']
For methods : ['PINS', 'NEMO', 'SNF', 'rMKL', 'kmeans']
Relationship type : LUSC_EXP_MIRNA_MET_NEMO_PINS_SNF_rMKL_kmeans_all
Optimal number of supports is 8
The graph will be clustered with Markov clustering using only IntegrationEdges with nb_supports >= 8
337 nodes classified in 4 clusters after remooving too small clusters (min_accepted_nb_nodes_in_clusters set to 17 in the configuration file)
Weighted Modularization Quality for the clustering is 0.39048935907387144
164 unclassified nodes reassigned to consensus clusters
[['TCGA.18.4721.01' '1']
 ['TCGA.22.4599.01' '1']
 ['TCGA.33.4586.01' '1']
 ['TCGA.39.5036.01' '1']
 ['TCGA.18.3417.01' '1']
 ['TCGA.33.4566.01' '1']
 ['TCGA.21.5782.01' '5']
 ['TCGA.34.5927.01' '4']
 ['TCGA.56.8083.01' '5']
 ['TCGA.56.A49D.01' '5']
 ['TCGA.77.8145.01' '5']
 ['TCGA.85.A4JB.01' '4']
 ['TCGA.22.A5C4.01' '1']
 ['TCGA.21.5786.01' '1']
 ['TCGA.77.A5G6.01' '1']
 ['TCGA.22.4613.01' '4']
 ['TCGA.33.4582.01' '4']
 ['TCGA.39.5021.01' '4']
 ['TCGA.43.6143.01' '5']
 ['TCGA.43.A56V.01' '4']
 ['TCGA.56.7221.01' '5']
 ['TCGA.56.8304.01' '4']
 ['TCGA.56.A5DR.01' '4']
 ['TCGA.58.8387.01' '4']
 ['TCGA.63.5131.01' '4']
 ['TCGA.77.8140.01' '4']
 ['TCGA.98.A538.01' '4']
 ['TCGA.NC.A5HH.01' '4']
 ['TCGA.NC.A5HI.01' '4']
 ['TCGA.22.4593.01' '3']
 ['TCGA.39.5035.01' '3']
 ['TCGA.39.5011.01' '3']
 ['TCGA.33.4589.01' '4']
 ['TCGA.18.3406.01' '3']
 ['TCGA.18.3407.01' '3']
 ['TCGA.18.3408.01' '1']
 ['TCGA.18.3409.01' '3']
 ['TCGA.18.3410.01' '1']
 ['TCGA.18.3411.01' '1']
 ['TCGA.18.3412.01' '1']
 ['TCGA.18.3414.01' '3']
 ['TCGA.18.3415.01' '1']
 ['TCGA.18.3416.01' '1']
 ['TCGA.18.3419.01' '4']
 ['TCGA.18.3421.01' '1']
 ['TCGA.18.4083.01' '1']
 ['TCGA.18.4086.01' '1']
 ['TCGA.21.1070.01' '3']
 ['TCGA.21.1071.01' '1']
 ['TCGA.21.1072.01' '1']
 ['TCGA.21.1075.01' '1']
 ['TCGA.21.1076.01' '3']
 ['TCGA.21.1077.01' '1']
 ['TCGA.21.1078.01' '4']
 ['TCGA.21.1079.01' '3']
 ['TCGA.21.1080.01' '4']
 ['TCGA.21.1081.01' '4']
 ['TCGA.21.1082.01' '3']
 ['TCGA.21.1083.01' '5']
 ['TCGA.22.0940.01' '3']
 ['TCGA.22.0944.01' '4']
 ['TCGA.22.1000.01' '3']
 ['TCGA.22.1002.01' '3']
 ['TCGA.22.1005.01' '3']
 ['TCGA.22.1011.01' '3']
 ['TCGA.22.1012.01' '1']
 ['TCGA.22.1016.01' '3']
 ['TCGA.22.1017.01' '3']
 ['TCGA.22.4591.01' '4']
 ['TCGA.22.4594.01' '5']
 ['TCGA.22.4595.01' '3']
 ['TCGA.22.4596.01' '3']
 ['TCGA.22.4604.01' '3']
 ['TCGA.22.4607.01' '3']
 ['TCGA.33.4532.01' '4']
 ['TCGA.33.4533.01' '1']
 ['TCGA.33.4538.01' '1']
 ['TCGA.33.4547.01' '3']
 ['TCGA.34.2596.01' '1']
 ['TCGA.34.2600.01' '4']
 ['TCGA.34.2608.01' '3']
 ['TCGA.37.3783.01' '4']
 ['TCGA.37.3789.01' '4']
 ['TCGA.37.3792.01' '5']
 ['TCGA.37.4129.01' '5']
 ['TCGA.37.4130.01' '5']
 ['TCGA.37.4132.01' '5']
 ['TCGA.37.4133.01' '1']
 ['TCGA.37.4135.01' '5']
 ['TCGA.37.4141.01' '5']
 ['TCGA.43.2576.01' '3']
 ['TCGA.43.2578.01' '5']
 ['TCGA.43.2581.01' '3']
 ['TCGA.43.3394.01' '1']
 ['TCGA.43.3920.01' '3']
 ['TCGA.46.3765.01' '1']
 ['TCGA.46.3766.01' '3']
 ['TCGA.46.3767.01' '3']
 ['TCGA.46.3768.01' '1']
 ['TCGA.46.3769.01' '5']
 ['TCGA.51.4079.01' '1']
 ['TCGA.51.4080.01' '1']
 ['TCGA.51.4081.01' '1']
 ['TCGA.56.1622.01' '4']
 ['TCGA.60.2695.01' '1']
 ['TCGA.60.2696.01' '3']
 ['TCGA.60.2698.01' '3']
 ['TCGA.60.2706.01' '5']
 ['TCGA.60.2707.01' '3']
 ['TCGA.60.2708.01' '3']
 ['TCGA.60.2710.01' '3']
 ['TCGA.60.2711.01' '1']
 ['TCGA.60.2712.01' '3']
 ['TCGA.60.2713.01' '3']
 ['TCGA.60.2714.01' '3']
 ['TCGA.60.2715.01' '3']
 ['TCGA.60.2716.01' '4']
 ['TCGA.60.2719.01' '4']
 ['TCGA.60.2720.01' '3']
 ['TCGA.60.2721.01' '3']
 ['TCGA.60.2722.01' '1']
 ['TCGA.60.2723.01' '1']
 ['TCGA.60.2724.01' '4']
 ['TCGA.60.2725.01' '3']
 ['TCGA.60.2726.01' '4']
 ['TCGA.66.2727.01' '1']
 ['TCGA.66.2734.01' '3']
 ['TCGA.66.2737.01' '3']
 ['TCGA.66.2742.01' '3']
 ['TCGA.66.2744.01' '3']
 ['TCGA.66.2753.01' '3']
 ['TCGA.66.2754.01' '5']
 ['TCGA.66.2755.01' '1']
 ['TCGA.66.2756.01' '5']
 ['TCGA.66.2757.01' '5']
 ['TCGA.66.2758.01' '1']
 ['TCGA.66.2759.01' '1']
 ['TCGA.66.2763.01' '4']
 ['TCGA.66.2765.01' '3']
 ['TCGA.66.2766.01' '1']
 ['TCGA.66.2767.01' '3']
 ['TCGA.66.2768.01' '4']
 ['TCGA.66.2769.01' '5']
 ['TCGA.66.2770.01' '1']
 ['TCGA.66.2771.01' '3']
 ['TCGA.66.2773.01' '3']
 ['TCGA.66.2777.01' '3']
 ['TCGA.66.2778.01' '4']
 ['TCGA.66.2780.01' '3']
 ['TCGA.66.2781.01' '1']
 ['TCGA.66.2782.01' '3']
 ['TCGA.66.2783.01' '1']
 ['TCGA.66.2785.01' '5']
 ['TCGA.66.2786.01' '3']
 ['TCGA.66.2787.01' '1']
 ['TCGA.66.2788.01' '3']
 ['TCGA.66.2789.01' '3']
 ['TCGA.66.2790.01' '3']
 ['TCGA.66.2791.01' '3']
 ['TCGA.66.2792.01' '1']
 ['TCGA.66.2793.01' '4']
 ['TCGA.66.2794.01' '1']
 ['TCGA.66.2795.01' '1']
 ['TCGA.66.2800.01' '3']]
Storing results into the graph
Check the graph with the following Cypher query : 
 MATCH (o:Patient:LUSC)-[r:FROM_MARKOVCLUST]-(c:OptimalNbSupports:LUSC:MarkovCluster:LUSC_EXP_MIRNA_MET_NEMO_PINS_SNF_rMKL_kmeans_all) RETURN o, r, c
Clustering results stored in file : out/results/LUSC/LUSC.LUSC_EXP_MIRNA_MET_NEMO_PINS_SNF_rMKL_kmeans_all.ClustOmicsClustering
