Loading results from OV in ./data 

Initiating graph from OV_metadata.txt metadata.
Loading ./data/OV/OV_mirna_SNF.clst clustering results.
- computed on datatype : mirna
- computed with method : SNF
Loading ./data/OV/OV_expression_PINS.clst clustering results.
- computed on datatype : expression
- computed with method : PINS
Loading ./data/OV/OV_mirna_PINS.clst clustering results.
- computed on datatype : mirna
- computed with method : PINS
Loading ./data/OV/OV_methylation_NEMO.clst clustering results.
- computed on datatype : methylation
- computed with method : NEMO
Loading ./data/OV/OV_methylation_SNF.clst clustering results.
- computed on datatype : methylation
- computed with method : SNF
Loading ./data/OV/OV_expression_SNF.clst clustering results.
- computed on datatype : expression
- computed with method : SNF
Loading ./data/OV/OV_mirna_NEMO.clst clustering results.
- computed on datatype : mirna
- computed with method : NEMO
Loading ./data/OV/OV_mirna_rMKL.clst clustering results.
- computed on datatype : mirna
- computed with method : rMKL
Loading ./data/OV/OV_expression_NEMO.clst clustering results.
- computed on datatype : expression
- computed with method : NEMO
Loading ./data/OV/OV_methylation_rMKL.clst clustering results.
- computed on datatype : methylation
- computed with method : rMKL
Loading ./data/OV/OV_mirna_kmeans.clst clustering results.
- computed on datatype : mirna
- computed with method : kmeans
Loading ./data/OV/OV_methylation_PINS.clst clustering results.
- computed on datatype : methylation
- computed with method : PINS
Loading ./data/OV/OV_expression_rMKL.clst clustering results.
- computed on datatype : expression
- computed with method : rMKL
Loading ./data/OV/OV_expression_kmeans.clst clustering results.
- computed on datatype : expression
- computed with method : kmeans
Loading ./data/OV/OV_methylation_kmeans.clst clustering results.
- computed on datatype : methylation
- computed with method : kmeans
