Integrating clusterings from : OV
On datatypes : ['expression', 'methylation', 'mirna']
For methods : ['PINS', 'NEMO', 'SNF', 'rMKL', 'kmeans']
Relationship type : OV_EXP_MIRNA_MET_NEMO_PINS_SNF_rMKL_kmeans_all
Optimal number of supports is 9
The graph will be clustered with Markov clustering using only IntegrationEdges with nb_supports >= 9
393 nodes classified in 9 clusters after remooving too small clusters (min_accepted_nb_nodes_in_clusters set to 14 in the configuration file)
Weighted Modularization Quality for the clustering is 0.4530914314773962
198 unclassified nodes reassigned to consensus clusters
[['TCGA.04.1361.01' '6']
 ['TCGA.04.1525.01' '6']
 ['TCGA.09.2053.01' '6']
 ['TCGA.13.0920.01' '6']
 ['TCGA.24.1464.01' '6']
 ['TCGA.24.1565.01' '6']
 ['TCGA.24.1923.01' '6']
 ['TCGA.25.1878.01' '6']
 ['TCGA.30.1714.01' '6']
 ['TCGA.61.1899.01' '6']
 ['TCGA.61.1906.01' '6']
 ['TCGA.04.1357.01' '3']
 ['TCGA.04.1542.01' '6']
 ['TCGA.04.1648.01' '6']
 ['TCGA.09.2056.01' '3']
 ['TCGA.23.1119.01' '6']
 ['TCGA.23.2072.01' '6']
 ['TCGA.24.0966.01' '6']
 ['TCGA.24.1549.01' '3']
 ['TCGA.24.2023.01' '3']
 ['TCGA.29.1783.01' '3']
 ['TCGA.59.2351.01' '3']
 ['TCGA.61.2094.01' '3']
 ['TCGA.04.1638.01' '7']
 ['TCGA.04.1652.01' '7']
 ['TCGA.13.0755.01' '7']
 ['TCGA.13.0921.01' '7']
 ['TCGA.20.1686.01' '7']
 ['TCGA.29.1778.01' '7']
 ['TCGA.61.1915.01' '7']
 ['TCGA.09.1668.01' '4']
 ['TCGA.04.1536.01' '5']
 ['TCGA.13.1477.01' '4']
 ['TCGA.09.1665.01' '2']
 ['TCGA.09.2050.01' '2']
 ['TCGA.13.0751.01' '2']
 ['TCGA.13.0904.01' '2']
 ['TCGA.13.1492.01' '2']
 ['TCGA.20.1684.01' '2']
 ['TCGA.24.1548.01' '2']
 ['TCGA.24.1555.01' '7']
 ['TCGA.30.1856.01' '2']
 ['TCGA.36.1578.01' '3']
 ['TCGA.04.1332.01' '2']
 ['TCGA.10.0934.01' '2']
 ['TCGA.13.0792.01' '2']
 ['TCGA.23.1032.01' '2']
 ['TCGA.23.1110.01' '2']
 ['TCGA.24.0979.01' '2']
 ['TCGA.10.0933.01' '11']
 ['TCGA.13.0888.01' '11']
 ['TCGA.10.0926.01' '5']
 ['TCGA.13.0802.01' '5']
 ['TCGA.24.1544.01' '8']
 ['TCGA.10.0936.01' '6']
 ['TCGA.13.0900.01' '3']
 ['TCGA.13.1487.01' '3']
 ['TCGA.13.0899.01' '7']
 ['TCGA.13.0791.01' '2']
 ['TCGA.13.1499.01' '4']
 ['TCGA.24.1426.01' '5']
 ['TCGA.04.1655.01' '8']
 ['TCGA.30.1880.01' '7']
 ['TCGA.04.1335.01' '11']
 ['TCGA.04.1338.01' '11']
 ['TCGA.04.1343.01' '2']
 ['TCGA.04.1351.01' '5']
 ['TCGA.04.1353.01' '1']
 ['TCGA.04.1360.01' '7']
 ['TCGA.04.1369.01' '7']
 ['TCGA.04.1371.01' '5']
 ['TCGA.04.1516.01' '1']
 ['TCGA.04.1644.01' '11']
 ['TCGA.04.1646.01' '7']
 ['TCGA.09.0365.01' '5']
 ['TCGA.09.1664.01' '7']
 ['TCGA.09.1672.01' '11']
 ['TCGA.09.1675.01' '2']
 ['TCGA.09.2043.01' '1']
 ['TCGA.09.2049.01' '2']
 ['TCGA.09.2055.01' '7']
 ['TCGA.10.0925.01' '11']
 ['TCGA.10.0930.01' '1']
 ['TCGA.10.0931.01' '7']
 ['TCGA.10.0935.01' '5']
 ['TCGA.10.0937.01' '1']
 ['TCGA.10.0938.01' '7']
 ['TCGA.13.0717.01' '5']
 ['TCGA.13.0725.01' '5']
 ['TCGA.13.0726.01' '11']
 ['TCGA.13.0727.01' '11']
 ['TCGA.13.0758.01' '11']
 ['TCGA.13.0761.01' '7']
 ['TCGA.13.0762.01' '7']
 ['TCGA.13.0764.01' '7']
 ['TCGA.13.0765.01' '1']
 ['TCGA.13.0793.01' '7']
 ['TCGA.13.0794.01' '7']
 ['TCGA.13.0795.01' '2']
 ['TCGA.13.0804.01' '2']
 ['TCGA.13.0807.01' '1']
 ['TCGA.13.0912.01' '11']
 ['TCGA.13.1817.01' '1']
 ['TCGA.13.1819.01' '7']
 ['TCGA.13.2057.01' '5']
 ['TCGA.13.2059.01' '1']
 ['TCGA.13.2061.01' '7']
 ['TCGA.13.2065.01' '1']
 ['TCGA.13.2066.01' '2']
 ['TCGA.13.2071.01' '1']
 ['TCGA.13.A5FT.01' '7']
 ['TCGA.20.0996.01' '11']
 ['TCGA.23.1024.01' '7']
 ['TCGA.23.1031.01' '5']
 ['TCGA.23.1116.01' '5']
 ['TCGA.23.1117.01' '1']
 ['TCGA.23.2641.01' '11']
 ['TCGA.23.2643.01' '11']
 ['TCGA.23.2645.01' '11']
 ['TCGA.23.2647.01' '7']
 ['TCGA.23.2649.01' '11']
 ['TCGA.24.0980.01' '11']
 ['TCGA.24.1852.01' '5']
 ['TCGA.24.1927.01' '1']
 ['TCGA.24.2295.01' '7']
 ['TCGA.25.2390.01' '11']
 ['TCGA.29.1692.01' '1']
 ['TCGA.29.1704.01' '1']
 ['TCGA.29.1774.01' '6']
 ['TCGA.29.1775.01' '1']
 ['TCGA.29.2429.01' '5']
 ['TCGA.29.2431.01' '11']
 ['TCGA.29.2432.01' '11']
 ['TCGA.29.2434.01' '11']
 ['TCGA.29.2436.01' '11']
 ['TCGA.29.A5NZ.01' '7']
 ['TCGA.30.1869.01' '7']
 ['TCGA.30.1887.01' '4']
 ['TCGA.31.1950.01' '2']
 ['TCGA.31.1955.01' '7']
 ['TCGA.36.2529.01' '2']
 ['TCGA.36.2532.01' '11']
 ['TCGA.36.2533.01' '11']
 ['TCGA.36.2534.01' '1']
 ['TCGA.36.2537.01' '11']
 ['TCGA.36.2538.01' '5']
 ['TCGA.36.2539.01' '5']
 ['TCGA.36.2540.01' '11']
 ['TCGA.36.2542.01' '11']
 ['TCGA.36.2543.01' '2']
 ['TCGA.36.2544.01' '11']
 ['TCGA.36.2545.01' '7']
 ['TCGA.36.2547.01' '2']
 ['TCGA.36.2548.01' '1']
 ['TCGA.36.2549.01' '11']
 ['TCGA.36.2551.01' '7']
 ['TCGA.36.2552.01' '2']
 ['TCGA.3P.A9WA.01' '6']
 ['TCGA.42.2582.01' '2']
 ['TCGA.42.2587.01' '2']
 ['TCGA.42.2588.01' '5']
 ['TCGA.42.2589.01' '1']
 ['TCGA.42.2590.01' '11']
 ['TCGA.42.2591.01' '1']
 ['TCGA.42.2593.01' '7']
 ['TCGA.57.1992.01' '7']
 ['TCGA.59.2349.01' '2']
 ['TCGA.59.2372.01' '7']
 ['TCGA.59.A5PD.01' '6']
 ['TCGA.5X.AA5U.01' '7']
 ['TCGA.61.1722.01' '7']
 ['TCGA.61.1727.01' '2']
 ['TCGA.61.1730.01' '5']
 ['TCGA.61.1734.01' '11']
 ['TCGA.61.1903.01' '1']
 ['TCGA.61.1904.01' '1']
 ['TCGA.61.1916.01' '7']
 ['TCGA.61.2017.01' '11']
 ['TCGA.61.2018.01' '1']
 ['TCGA.61.2087.01' '2']
 ['TCGA.61.2096.01' '2']
 ['TCGA.61.2612.01' '11']
 ['TCGA.61.2613.01' '11']
 ['TCGA.61.2614.01' '11']
 ['TCGA.72.4231.01' '11']
 ['TCGA.72.4232.01' '2']
 ['TCGA.72.4233.01' '5']
 ['TCGA.72.4234.01' '5']
 ['TCGA.72.4235.01' '7']
 ['TCGA.72.4236.01' '11']
 ['TCGA.72.4237.01' '11']
 ['TCGA.72.4238.01' '7']
 ['TCGA.72.4240.01' '7']
 ['TCGA.72.4241.01' '1']
 ['TCGA.OY.A56P.01' '7']
 ['TCGA.OY.A56Q.01' '7']
 ['TCGA.VG.A8LO.01' '6']
 ['TCGA.WR.A838.01' '7']]
Storing results into the graph
Check the graph with the following Cypher query : 
 MATCH (o:Patient:OV)-[r:FROM_MARKOVCLUST]-(c:OptimalNbSupports:OV:MarkovCluster:OV_EXP_MIRNA_MET_NEMO_PINS_SNF_rMKL_kmeans_all) RETURN o, r, c
Clustering results stored in file : out/results/OV/OV.OV_EXP_MIRNA_MET_NEMO_PINS_SNF_rMKL_kmeans_all.ClustOmicsClustering
