Computing support edges for OV analysis...
Computing Support Edges for cluster OV_mirna_SNF_2.
Computing Support Edges for cluster OV_mirna_SNF_3.
Computing Support Edges for cluster OV_mirna_SNF_1.
Computing Support Edges for cluster OV_expression_PINS_1.
Computing Support Edges for cluster OV_expression_PINS_2.
Computing Support Edges for cluster OV_mirna_PINS_1.
Computing Support Edges for cluster OV_mirna_PINS_2.
Computing Support Edges for cluster OV_methylation_NEMO_1.
Computing Support Edges for cluster OV_methylation_NEMO_2.
Computing Support Edges for cluster OV_methylation_SNF_1.
Computing Support Edges for cluster OV_methylation_SNF_2.
Computing Support Edges for cluster OV_expression_SNF_2.
Computing Support Edges for cluster OV_expression_SNF_1.
Computing Support Edges for cluster OV_expression_SNF_3.
Computing Support Edges for cluster OV_mirna_NEMO_2.
Computing Support Edges for cluster OV_mirna_NEMO_6.
Computing Support Edges for cluster OV_mirna_NEMO_4.
Computing Support Edges for cluster OV_mirna_NEMO_1.
Computing Support Edges for cluster OV_mirna_NEMO_5.
Computing Support Edges for cluster OV_mirna_NEMO_7.
Computing Support Edges for cluster OV_mirna_NEMO_3.
Computing Support Edges for cluster OV_mirna_rMKL_5.
Computing Support Edges for cluster OV_mirna_rMKL_3.
Computing Support Edges for cluster OV_mirna_rMKL_6.
Computing Support Edges for cluster OV_mirna_rMKL_2.
Computing Support Edges for cluster OV_mirna_rMKL_1.
Computing Support Edges for cluster OV_mirna_rMKL_4.
Computing Support Edges for cluster OV_expression_NEMO_2.
Computing Support Edges for cluster OV_expression_NEMO_3.
Computing Support Edges for cluster OV_expression_NEMO_4.
Computing Support Edges for cluster OV_expression_NEMO_1.
Computing Support Edges for cluster OV_methylation_rMKL_7.
Computing Support Edges for cluster OV_methylation_rMKL_1.
Computing Support Edges for cluster OV_methylation_rMKL_6.
Computing Support Edges for cluster OV_methylation_rMKL_2.
Computing Support Edges for cluster OV_methylation_rMKL_4.
Computing Support Edges for cluster OV_methylation_rMKL_3.
Computing Support Edges for cluster OV_methylation_rMKL_5.
Computing Support Edges for cluster OV_mirna_kmeans_2.
Computing Support Edges for cluster OV_mirna_kmeans_1.
Computing Support Edges for cluster OV_methylation_PINS_1.
Computing Support Edges for cluster OV_methylation_PINS_2.
Computing Support Edges for cluster OV_expression_rMKL_1.
Computing Support Edges for cluster OV_expression_rMKL_5.
Computing Support Edges for cluster OV_expression_rMKL_3.
Computing Support Edges for cluster OV_expression_rMKL_4.
Computing Support Edges for cluster OV_expression_rMKL_2.
Computing Support Edges for cluster OV_expression_rMKL_6.
Computing Support Edges for cluster OV_expression_kmeans_1.
Computing Support Edges for cluster OV_expression_kmeans_2.
Computing Support Edges for cluster OV_methylation_kmeans_1.
Computing Support Edges for cluster OV_methylation_kmeans_2.
